nohup: ignoring input
Server started on port 5000
MySQL connected...
Error: Table 'Estoque2.tbl_User' doesn't exist
    at Packet.asError (/home/ubuntu/Projeto---Faculdade/client/node_modules/mysql2/lib/packets/packet.js:740:17)
    at Query.execute (/home/ubuntu/Projeto---Faculdade/client/node_modules/mysql2/lib/commands/command.js:29:26)
    at PoolConnection.handlePacket (/home/ubuntu/Projeto---Faculdade/client/node_modules/mysql2/lib/base/connection.js:475:34)
    at PacketParser.onPacket (/home/ubuntu/Projeto---Faculdade/client/node_modules/mysql2/lib/base/connection.js:93:12)
    at PacketParser.executeStart (/home/ubuntu/Projeto---Faculdade/client/node_modules/mysql2/lib/packet_parser.js:75:16)
    at Socket.<anonymous> (/home/ubuntu/Projeto---Faculdade/client/node_modules/mysql2/lib/base/connection.js:100:25)
    at Socket.emit (node:events:517:28)
    at addChunk (node:internal/streams/readable:368:12)
    at readableAddChunk (node:internal/streams/readable:341:9)
    at Readable.push (node:internal/streams/readable:278:10) {
  code: 'ER_NO_SUCH_TABLE',
  errno: 1146,
  sqlState: '42S02',
  sqlMessage: "Table 'Estoque2.tbl_User' doesn't exist",
  sql: "SELECT * FROM tbl_User WHERE email_Login = 'Matheuskater02@oulook.com'"
}
/home/ubuntu/Projeto---Faculdade/client/controllers/auth.js:36
        if (result.length > 0) return res.json({message: "Este e-mail já está cadastrado!", status: "default"});
                   ^

TypeError: Cannot read properties of undefined (reading 'length')
    at Query.onResult (/home/ubuntu/Projeto---Faculdade/client/controllers/auth.js:36:20)
    at Query.execute (/home/ubuntu/Projeto---Faculdade/client/node_modules/mysql2/lib/commands/command.js:36:14)
    at PoolConnection.handlePacket (/home/ubuntu/Projeto---Faculdade/client/node_modules/mysql2/lib/base/connection.js:475:34)
    at PacketParser.onPacket (/home/ubuntu/Projeto---Faculdade/client/node_modules/mysql2/lib/base/connection.js:93:12)
    at PacketParser.executeStart (/home/ubuntu/Projeto---Faculdade/client/node_modules/mysql2/lib/packet_parser.js:75:16)
    at Socket.<anonymous> (/home/ubuntu/Projeto---Faculdade/client/node_modules/mysql2/lib/base/connection.js:100:25)
    at Socket.emit (node:events:517:28)
    at addChunk (node:internal/streams/readable:368:12)
    at readableAddChunk (node:internal/streams/readable:341:9)
    at Readable.push (node:internal/streams/readable:278:10)

Node.js v18.19.1
